0 info it worked if it ends with ok
1 verbose cli [ 'node', '/usr/local/bin/npm', 'run', 'checkin' ]
2 info using npm@2.7.4
3 info using node@v0.12.2
4 verbose run-script [ 'precheckin', 'checkin', 'postcheckin' ]
5 info precheckin js-extensions@1.0.1
6 info checkin js-extensions@1.0.1
7 verbose unsafe-perm in lifecycle true
8 info js-extensions@1.0.1 Failed to exec checkin script
9 verbose stack Error: js-extensions@1.0.1 checkin: `git add * &&  git commit -m "JSDoc fixes. New README." && git push`
9 verbose stack Exit status 1
9 verbose stack     at EventEmitter.<anonymous> (/usr/local/lib/node_modules/npm/lib/utils/lifecycle.js:213:16)
9 verbose stack     at EventEmitter.emit (events.js:110:17)
9 verbose stack     at ChildProcess.<anonymous> (/usr/local/lib/node_modules/npm/lib/utils/spawn.js:14:12)
9 verbose stack     at ChildProcess.emit (events.js:110:17)
9 verbose stack     at maybeClose (child_process.js:1015:16)
9 verbose stack     at Process.ChildProcess._handle.onexit (child_process.js:1087:5)
10 verbose pkgid js-extensions@1.0.1
11 verbose cwd /Users/sal/Development/typescript/js-extensions
12 error Darwin 14.4.0
13 error argv "node" "/usr/local/bin/npm" "run" "checkin"
14 error node v0.12.2
15 error npm  v2.7.4
16 error code ELIFECYCLE
17 error js-extensions@1.0.1 checkin: `git add * &&  git commit -m "JSDoc fixes. New README." && git push`
17 error Exit status 1
18 error Failed at the js-extensions@1.0.1 checkin script 'git add * &&  git commit -m "JSDoc fixes. New README." && git push'.
18 error This is most likely a problem with the js-extensions package,
18 error not with npm itself.
18 error Tell the author that this fails on your system:
18 error     git add * &&  git commit -m "JSDoc fixes. New README." && git push
18 error You can get their info via:
18 error     npm owner ls js-extensions
18 error There is likely additional logging output above.
19 verbose exit [ 1, true ]
